/home/julian/nebufull/src/install/nebupkg/lib/python3.10/site-packages/nebupkg/rostros.py
/home/julian/nebufull/src/install/nebupkg/lib/python3.10/site-packages/nebupkg/todo.py
/home/julian/nebufull/src/install/nebupkg/lib/python3.10/site-packages/nebupkg/model_node.py
/home/julian/nebufull/src/install/nebupkg/lib/python3.10/site-packages/nebupkg/voz_node.py
/home/julian/nebufull/src/install/nebupkg/lib/python3.10/site-packages/nebupkg/arduino.py
/home/julian/nebufull/src/install/nebupkg/lib/python3.10/site-packages/nebupkg/jarvis.py
/home/julian/nebufull/src/install/nebupkg/lib/python3.10/site-packages/nebupkg/emociones.py
/home/julian/nebufull/src/install/nebupkg/lib/python3.10/site-packages/nebupkg/__init__.py
/home/julian/nebufull/src/install/nebupkg/lib/python3.10/site-packages/nebupkg/__pycache__/rostros.cpython-310.pyc
/home/julian/nebufull/src/install/nebupkg/lib/python3.10/site-packages/nebupkg/__pycache__/todo.cpython-310.pyc
/home/julian/nebufull/src/install/nebupkg/lib/python3.10/site-packages/nebupkg/__pycache__/model_node.cpython-310.pyc
/home/julian/nebufull/src/install/nebupkg/lib/python3.10/site-packages/nebupkg/__pycache__/voz_node.cpython-310.pyc
/home/julian/nebufull/src/install/nebupkg/lib/python3.10/site-packages/nebupkg/__pycache__/arduino.cpython-310.pyc
/home/julian/nebufull/src/install/nebupkg/lib/python3.10/site-packages/nebupkg/__pycache__/jarvis.cpython-310.pyc
/home/julian/nebufull/src/install/nebupkg/lib/python3.10/site-packages/nebupkg/__pycache__/emociones.cpython-310.pyc
/home/julian/nebufull/src/install/nebupkg/lib/python3.10/site-packages/nebupkg/__pycache__/__init__.cpython-310.pyc
/home/julian/nebufull/src/install/nebupkg/share/ament_index/resource_index/packages/nebupkg
/home/julian/nebufull/src/install/nebupkg/share/nebupkg/package.xml
/home/julian/nebufull/src/install/nebupkg/lib/python3.10/site-packages/nebupkg-0.0.0-py3.10.egg-info/top_level.txt
/home/julian/nebufull/src/install/nebupkg/lib/python3.10/site-packages/nebupkg-0.0.0-py3.10.egg-info/requires.txt
/home/julian/nebufull/src/install/nebupkg/lib/python3.10/site-packages/nebupkg-0.0.0-py3.10.egg-info/zip-safe
/home/julian/nebufull/src/install/nebupkg/lib/python3.10/site-packages/nebupkg-0.0.0-py3.10.egg-info/dependency_links.txt
/home/julian/nebufull/src/install/nebupkg/lib/python3.10/site-packages/nebupkg-0.0.0-py3.10.egg-info/entry_points.txt
/home/julian/nebufull/src/install/nebupkg/lib/python3.10/site-packages/nebupkg-0.0.0-py3.10.egg-info/SOURCES.txt
/home/julian/nebufull/src/install/nebupkg/lib/python3.10/site-packages/nebupkg-0.0.0-py3.10.egg-info/PKG-INFO
/home/julian/nebufull/src/install/nebupkg/lib/nebupkg/arduino
/home/julian/nebufull/src/install/nebupkg/lib/nebupkg/emociones
/home/julian/nebufull/src/install/nebupkg/lib/nebupkg/model_node
/home/julian/nebufull/src/install/nebupkg/lib/nebupkg/rostros
/home/julian/nebufull/src/install/nebupkg/lib/nebupkg/todo
/home/julian/nebufull/src/install/nebupkg/lib/nebupkg/voz_node
